<?xml version="1.0" encoding="UTF-8"?>
<!-- Generated by org.testng.reporters.JUnitXMLReporter -->
<testsuite ignored="0" hostname="Gaurav" failures="0" tests="9" name="Test" time="23.615" errors="0" timestamp="2022-08-16T18:06:33 IST">
  <testcase classname="TestLayer.LoginPageTest" name="validateLoginFunctions" time="5.898"/>
  <testcase classname="TestLayer.HomePageTest" name="validateHomePageLogo" time="0.042"/>
  <testcase classname="TestLayer.HomePageTest" name="validateTitleHompePage" time="0.008"/>
  <testcase classname="TestLayer.HomePageTest" name="valiadateUrlHomePage" time="0.006"/>
  <testcase classname="TestLayer.PIMPageTest" name="clickonpimlink" time="3.075"/>
  <testcase classname="TestLayer.PIMPageTest" name="valiadateUrlPIMPage" time="0.006"/>
  <testcase classname="TestLayer.PIMPageTest" name="validatepimfunctions" time="4.563"/>
  <testcase classname="TestLayer.PIMPageTest" name="validatepimfunctions2" time="0.408"/>
  <testcase classname="TestLayer.PIMPageTest" name="validatedropdownpimpage2" time="1.129"/>
</testsuite> <!-- Test -->
